app/build/intermediates/manifest_merge_blame_file/debug/manifest-merger-blame-debug-report.txt
1<?xml version="1.0" encoding="utf-8"?>
2<manifest xmlns:android="http://schemas.android.com/apk/res/android"
3    package="com.example.knowyourlimit"
4    android:versionCode="1"
5    android:versionName="1.0" >
6
7    <uses-sdk
8        android:minSdkVersion="15"
8-->src\main\AndroidManifest.xml
9        android:targetSdkVersion="29" />
9-->src\main\AndroidManifest.xml
10
11    <application
11-->src\main\AndroidManifest.xml:5:5-36:19
12        android:allowBackup="true"
12-->src\main\AndroidManifest.xml:6:9-35
13        android:appComponentFactory="androidx.core.app.CoreComponentFactory"
13-->[androidx.core:core:1.0.1] AndroidManifest.xml:22:18-86
14        android:debuggable="true"
15        android:icon="@mipmap/ic_launcher"
15-->src\main\AndroidManifest.xml:7:9-43
16        android:label="@string/app_name"
16-->src\main\AndroidManifest.xml:8:9-41
17        android:roundIcon="@mipmap/ic_launcher_round"
17-->src\main\AndroidManifest.xml:9:9-54
18        android:supportsRtl="true"
18-->src\main\AndroidManifest.xml:10:9-35
19        android:testOnly="true"
20        android:theme="@style/AppTheme" >
20-->src\main\AndroidManifest.xml:11:9-40
21        <activity
21-->src\main\AndroidManifest.xml:12:9-15:20
22            android:name="com.example.knowyourlimit.MainMenu"
22-->src\main\AndroidManifest.xml:13:13-37
23            android:label="@string/app_name" >
23-->src\main\AndroidManifest.xml:14:13-45
24        </activity>
25        <activity
25-->src\main\AndroidManifest.xml:16:9-19:20
26            android:name="com.example.knowyourlimit.Login_menu"
26-->src\main\AndroidManifest.xml:17:13-39
27            android:label="@string/app_name" >
27-->src\main\AndroidManifest.xml:18:13-45
28        </activity>
29        <activity
29-->src\main\AndroidManifest.xml:20:9-27:20
30            android:name="com.example.knowyourlimit.Active_login"
30-->src\main\AndroidManifest.xml:21:13-41
31            android:label="@string/app_name" >
31-->src\main\AndroidManifest.xml:22:13-45
32            <intent-filter>
32-->src\main\AndroidManifest.xml:23:13-26:29
33                <action android:name="android.intent.action.MAIN" />
33-->src\main\AndroidManifest.xml:24:17-69
33-->src\main\AndroidManifest.xml:24:25-66
34
35                <category android:name="android.intent.category.LAUNCHER" />
35-->src\main\AndroidManifest.xml:25:17-77
35-->src\main\AndroidManifest.xml:25:27-74
36            </intent-filter>
37        </activity>
38        <activity
38-->src\main\AndroidManifest.xml:28:9-31:20
39            android:name="com.example.knowyourlimit.initialPrompt"
39-->src\main\AndroidManifest.xml:29:13-42
40            android:label="Know Your Limit" >
40-->src\main\AndroidManifest.xml:30:13-44
41        </activity>
42        <activity
42-->src\main\AndroidManifest.xml:32:9-35:20
43            android:name="com.example.knowyourlimit.ShowHistory"
43-->src\main\AndroidManifest.xml:33:13-40
44            android:label="Know Your Limit" >
44-->src\main\AndroidManifest.xml:34:13-44
45        </activity>
46    </application>
47
48</manifest>